--------------------------------------------------------------------------------
Release 10.1.03 Trace  (lin64)
Copyright (c) 1995-2008 Xilinx, Inc.  All rights reserved.

/afs/csail.mit.edu/proj/redsocs/Xilinx10.1/ISE/bin/lin64/unwrapped/trce -ise
/afs/athena.mit.edu/user/l/c/lcarter/6.111/6.111/labs/lab5/lab5_forreal/lab5_forreal.ise
-intstyle ise -v 3 -s 4 -xml labkit labkit.ncd -o labkit.twr labkit.pcf -ucf
labkit.ucf

Design file:              labkit.ncd
Physical constraint file: labkit.pcf
Device,package,speed:     xc2v6000,bf957,-4 (PRODUCTION 1.121 2008-07-25, STEPPING level 0)
Report level:             verbose report

Environment Variable      Effect 
--------------------      ------ 
NONE                      No environment variables were set
--------------------------------------------------------------------------------

INFO:Timing:2698 - No timing constraints found, doing default enumeration.
INFO:Timing:2752 - To get complete path coverage, use the unconstrained paths 
   option. All paths that are not constrained will be reported in the 
   unconstrained paths section(s) of the report.
INFO:Timing:3339 - The clock-to-out numbers in this timing report are based on 
   a 50 Ohm transmission line loading model.  For the details of this model, 
   and for more information on accounting for different loading conditions, 
   please see the device datasheet.



Data Sheet report:
-----------------
All values displayed in nanoseconds (ns)

Setup/Hold to clock clock_27mhz
------------+------------+------------+------------------+--------+
            |  Setup to  |  Hold to   |                  | Clock  |
Source      | clk (edge) | clk (edge) |Internal Clock(s) | Phase  |
------------+------------+------------+------------------+--------+
button0     |    1.806(R)|   -0.261(R)|clock_27mhz_BUFGP |   0.000|
button1     |    2.573(R)|   -0.274(R)|clock_27mhz_BUFGP |   0.000|
button2     |    2.290(R)|   -0.837(R)|clock_27mhz_BUFGP |   0.000|
button3     |    4.102(R)|   -1.883(R)|clock_27mhz_BUFGP |   0.000|
button_down |    1.987(R)|   -0.820(R)|clock_27mhz_BUFGP |   0.000|
user3<30>   |   -1.208(R)|    1.453(R)|clock_27mhz_BUFGP |   0.000|
------------+------------+------------+------------------+--------+

Clock clock_27mhz to Pad
------------+------------+------------------+--------+
            | clk (edge) |                  | Clock  |
Destination |   to PAD   |Internal Clock(s) | Phase  |
------------+------------+------------------+--------+
disp_clock  |   10.302(R)|clock_27mhz_BUFGP |   0.000|
user3<31>   |   15.957(R)|clock_27mhz_BUFGP |   0.000|
------------+------------+------------------+--------+

Clock to Setup on destination clock clock_27mhz
---------------+---------+---------+---------+---------+
               | Src:Rise| Src:Fall| Src:Rise| Src:Fall|
Source Clock   |Dest:Rise|Dest:Rise|Dest:Fall|Dest:Fall|
---------------+---------+---------+---------+---------+
clock_27mhz    |    7.752|         |         |         |
---------------+---------+---------+---------+---------+


Analysis completed Wed Dec 14 04:02:58 2016 
--------------------------------------------------------------------------------

Trace Settings:
-------------------------
Trace Settings 

Peak Memory Usage: 343 MB



